<?xml version="1.0" encoding="UTF-8"?>
<!DOCTYPE log4j:configuration PUBLIC "-//APACHE//DTD LOG4J 1.2//EN" "log4j.dtd" >
<log4j:configuration xmlns:log4j="http://jakarta.apache.org/log4j/">
  <appender name="consoleAppender" class="org.apache.log4j.ConsoleAppender">
    <param name="Threshold" value="debug" />
    <layout class="org.apache.log4j.EnhancedPatternLayout">
      <param name="ConversionPattern" value="%5p %d{HH:mm:ss} (%C{1.}#%M:%L) - %m%n" />
    </layout>
  </appender>
  <logger name="nl.b3p.brmo">
    <level value="debug" />
  </logger>
  <logger name="org.geotools">
    <level value="info" />
  </logger>
  <logger name="hsqldb.db">
    <level value="warn" />
  </logger>
  <root>
    <level value="info" />
    <appender-ref ref="consoleAppender" />
  </root>
</log4j:configuration>
