<?xml version="1.0" encoding="UTF-8" ?>
<testsuite tests="1" failures="0" name="ru.skorikov.ParallerSearchTest" time="0.193" errors="1" skipped="0">
  <properties>
    <property name="java.runtime.name" value="Java(TM) SE Runtime Environment"/>
    <property name="sun.boot.library.path" value="/cvmfs/ebsw.hpc2n.umu.se/amd64_ubuntu1604_common/software/Core/Java/1.8.0_202/jre/lib/amd64"/>
    <property name="java.vm.version" value="25.202-b08"/>
    <property name="java.vm.vendor" value="Oracle Corporation"/>
    <property name="java.vendor.url" value="http://java.oracle.com/"/>
    <property name="path.separator" value=":"/>
    <property name="skip.gulp" value="true"/>
    <property name="java.vm.name" value="Java HotSpot(TM) 64-Bit Server VM"/>
    <property name="file.encoding.pkg" value="sun.io"/>
    <property name="user.country" value="US"/>
    <property name="sun.java.launcher" value="SUN_STANDARD"/>
    <property name="sun.os.patch.level" value="unknown"/>
    <property name="findbugs.skip" value="true"/>
    <property name="java.vm.specification.name" value="Java Virtual Machine Specification"/>
    <property name="user.dir" value="/scratch/dginelli/workspace/repairnator-repairnator-experiments-KayzerSoze-java_kurs_standart-354626544-20180317-060623-firstCommit/Multithreading/Monitore_Synchronizy/M_Synch.4"/>
    <property name="java.runtime.version" value="1.8.0_202-b08"/>
    <property name="java.awt.graphicsenv" value="sun.awt.X11GraphicsEnvironment"/>
    <property name="basedir" value="/scratch/dginelli/workspace/repairnator-repairnator-experiments-KayzerSoze-java_kurs_standart-354626544-20180317-060623-firstCommit/Multithreading/Monitore_Synchronizy/M_Synch.4"/>
    <property name="skip.npm" value="true"/>
    <property name="java.endorsed.dirs" value="/cvmfs/ebsw.hpc2n.umu.se/amd64_ubuntu1604_common/software/Core/Java/1.8.0_202/jre/lib/endorsed"/>
    <property name="os.arch" value="amd64"/>
    <property name="surefire.real.class.path" value="/scratch/dginelli/workspace/repairnator-repairnator-experiments-KayzerSoze-java_kurs_standart-354626544-20180317-060623-firstCommit/Multithreading/Monitore_Synchronizy/M_Synch.4/target/surefire/surefirebooter221825808939009759.jar:/scratch/dginelli/workspace/repairnator-repairnator-experiments-KayzerSoze-java_kurs_standart-354626544-20180317-060623-firstCommit/.m2/org/jacoco/org.jacoco.agent/0.7.9/org.jacoco.agent-0.7.9-runtime.jar"/>
    <property name="java.io.tmpdir" value="/tmp"/>
    <property name="gpg.skip" value="true"/>
    <property name="line.separator" value="
"/>
    <property name="java.vm.specification.vendor" value="Oracle Corporation"/>
    <property name="cobertura.skip" value="true"/>
    <property name="os.name" value="Linux"/>
    <property name="sun.jnu.encoding" value="UTF-8"/>
    <property name="java.library.path" value="/hpc2n/eb/software/Core/Maven/3.6.0/lib:/hpc2n/eb/software/Core/Java/1.8.0_202/lib:/usr/java/packages/lib/amd64:/usr/lib64:/lib64:/lib:/usr/lib"/>
    <property name="license.skip" value="true"/>
    <property name="surefire.test.class.path" value="/scratch/dginelli/workspace/repairnator-repairnator-experiments-KayzerSoze-java_kurs_standart-354626544-20180317-060623-firstCommit/Multithreading/Monitore_Synchronizy/M_Synch.4/target/test-classes:/scratch/dginelli/workspace/repairnator-repairnator-experiments-KayzerSoze-java_kurs_standart-354626544-20180317-060623-firstCommit/Multithreading/Monitore_Synchronizy/M_Synch.4/target/classes:/scratch/dginelli/workspace/repairnator-repairnator-experiments-KayzerSoze-java_kurs_standart-354626544-20180317-060623-firstCommit/.m2/org/hamcrest/hamcrest-all/1.3/hamcrest-all-1.3.jar:/scratch/dginelli/workspace/repairnator-repairnator-experiments-KayzerSoze-java_kurs_standart-354626544-20180317-060623-firstCommit/.m2/junit/junit/4.12/junit-4.12.jar:/scratch/dginelli/workspace/repairnator-repairnator-experiments-KayzerSoze-java_kurs_standart-354626544-20180317-060623-firstCommit/.m2/org/hamcrest/hamcrest-core/1.3/hamcrest-core-1.3.jar:/scratch/dginelli/workspace/repairnator-repairnator-experiments-KayzerSoze-java_kurs_standart-354626544-20180317-060623-firstCommit/.m2/net/jcip/jcip-annotations/1.0/jcip-annotations-1.0.jar:"/>
    <property name="java.specification.name" value="Java Platform API Specification"/>
    <property name="java.class.version" value="52.0"/>
    <property name="sun.management.compiler" value="HotSpot 64-Bit Tiered Compilers"/>
    <property name="skip.bower" value="true"/>
    <property name="maven.repo.local" value="/scratch/dginelli/workspace/repairnator-repairnator-experiments-KayzerSoze-java_kurs_standart-354626544-20180317-060623-firstCommit/.m2"/>
    <property name="os.version" value="4.15.0-91-generic"/>
    <property name="user.home" value="/home/d/dginelli"/>
    <property name="user.timezone" value=""/>
    <property name="java.awt.printerjob" value="sun.print.PSPrinterJob"/>
    <property name="java.specification.version" value="1.8"/>
    <property name="file.encoding" value="UTF-8"/>
    <property name="user.name" value="dginelli"/>
    <property name="java.class.path" value="/scratch/dginelli/workspace/repairnator-repairnator-experiments-KayzerSoze-java_kurs_standart-354626544-20180317-060623-firstCommit/Multithreading/Monitore_Synchronizy/M_Synch.4/target/test-classes:/scratch/dginelli/workspace/repairnator-repairnator-experiments-KayzerSoze-java_kurs_standart-354626544-20180317-060623-firstCommit/Multithreading/Monitore_Synchronizy/M_Synch.4/target/classes:/scratch/dginelli/workspace/repairnator-repairnator-experiments-KayzerSoze-java_kurs_standart-354626544-20180317-060623-firstCommit/.m2/org/hamcrest/hamcrest-all/1.3/hamcrest-all-1.3.jar:/scratch/dginelli/workspace/repairnator-repairnator-experiments-KayzerSoze-java_kurs_standart-354626544-20180317-060623-firstCommit/.m2/junit/junit/4.12/junit-4.12.jar:/scratch/dginelli/workspace/repairnator-repairnator-experiments-KayzerSoze-java_kurs_standart-354626544-20180317-060623-firstCommit/.m2/org/hamcrest/hamcrest-core/1.3/hamcrest-core-1.3.jar:/scratch/dginelli/workspace/repairnator-repairnator-experiments-KayzerSoze-java_kurs_standart-354626544-20180317-060623-firstCommit/.m2/net/jcip/jcip-annotations/1.0/jcip-annotations-1.0.jar:"/>
    <property name="skipITs" value="true"/>
    <property name="java.vm.specification.version" value="1.8"/>
    <property name="sun.arch.data.model" value="64"/>
    <property name="java.home" value="/cvmfs/ebsw.hpc2n.umu.se/amd64_ubuntu1604_common/software/Core/Java/1.8.0_202/jre"/>
    <property name="sun.java.command" value="/scratch/dginelli/workspace/repairnator-repairnator-experiments-KayzerSoze-java_kurs_standart-354626544-20180317-060623-firstCommit/Multithreading/Monitore_Synchronizy/M_Synch.4/target/surefire/surefirebooter221825808939009759.jar /scratch/dginelli/workspace/repairnator-repairnator-experiments-KayzerSoze-java_kurs_standart-354626544-20180317-060623-firstCommit/Multithreading/Monitore_Synchronizy/M_Synch.4/target/surefire/surefire7242849579079109541tmp /scratch/dginelli/workspace/repairnator-repairnator-experiments-KayzerSoze-java_kurs_standart-354626544-20180317-060623-firstCommit/Multithreading/Monitore_Synchronizy/M_Synch.4/target/surefire/surefire1146830532613732906tmp"/>
    <property name="java.specification.vendor" value="Oracle Corporation"/>
    <property name="user.language" value="en"/>
    <property name="awt.toolkit" value="sun.awt.X11.XToolkit"/>
    <property name="dependency-check.skip" value="true"/>
    <property name="java.vm.info" value="mixed mode"/>
    <property name="java.version" value="1.8.0_202"/>
    <property name="java.ext.dirs" value="/cvmfs/ebsw.hpc2n.umu.se/amd64_ubuntu1604_common/software/Core/Java/1.8.0_202/jre/lib/ext:/usr/java/packages/lib/ext"/>
    <property name="sun.boot.class.path" value="/cvmfs/ebsw.hpc2n.umu.se/amd64_ubuntu1604_common/software/Core/Java/1.8.0_202/jre/lib/resources.jar:/cvmfs/ebsw.hpc2n.umu.se/amd64_ubuntu1604_common/software/Core/Java/1.8.0_202/jre/lib/rt.jar:/cvmfs/ebsw.hpc2n.umu.se/amd64_ubuntu1604_common/software/Core/Java/1.8.0_202/jre/lib/sunrsasign.jar:/cvmfs/ebsw.hpc2n.umu.se/amd64_ubuntu1604_common/software/Core/Java/1.8.0_202/jre/lib/jsse.jar:/cvmfs/ebsw.hpc2n.umu.se/amd64_ubuntu1604_common/software/Core/Java/1.8.0_202/jre/lib/jce.jar:/cvmfs/ebsw.hpc2n.umu.se/amd64_ubuntu1604_common/software/Core/Java/1.8.0_202/jre/lib/charsets.jar:/cvmfs/ebsw.hpc2n.umu.se/amd64_ubuntu1604_common/software/Core/Java/1.8.0_202/jre/lib/jfr.jar:/cvmfs/ebsw.hpc2n.umu.se/amd64_ubuntu1604_common/software/Core/Java/1.8.0_202/jre/classes"/>
    <property name="java.vendor" value="Oracle Corporation"/>
    <property name="enforcer.skip" value="true"/>
    <property name="rat.skip" value="true"/>
    <property name="localRepository" value="/scratch/dginelli/workspace/repairnator-repairnator-experiments-KayzerSoze-java_kurs_standart-354626544-20180317-060623-firstCommit/.m2"/>
    <property name="file.separator" value="/"/>
    <property name="java.vendor.url.bug" value="http://bugreport.sun.com/bugreport/"/>
    <property name="sun.cpu.endian" value="little"/>
    <property name="sun.io.unicode.encoding" value="UnicodeLittle"/>
    <property name="sun.cpu.isalist" value=""/>
  </properties>
  <testcase classname="ru.skorikov.ParallerSearchTest" name="whenRunThenReturnListFilePaph" time="0.008">
    <error message="Index: 0, Size: 0" type="java.lang.IndexOutOfBoundsException">java.lang.IndexOutOfBoundsException: Index: 0, Size: 0
	at java.util.ArrayList.rangeCheck(ArrayList.java:657)
	at java.util.ArrayList.get(ArrayList.java:433)
	at ru.skorikov.ParallerSearchTest.whenRunThenReturnListFilePaph(ParallerSearchTest.java:37)
	at sun.reflect.NativeMethodAccessorImpl.invoke0(Native Method)
	at sun.reflect.NativeMethodAccessorImpl.invoke(NativeMethodAccessorImpl.java:62)
	at sun.reflect.DelegatingMethodAccessorImpl.invoke(DelegatingMethodAccessorImpl.java:43)
	at java.lang.reflect.Method.invoke(Method.java:498)
	at org.junit.runners.model.FrameworkMethod$1.runReflectiveCall(FrameworkMethod.java:50)
	at org.junit.internal.runners.model.ReflectiveCallable.run(ReflectiveCallable.java:12)
	at org.junit.runners.model.FrameworkMethod.invokeExplosively(FrameworkMethod.java:47)
	at org.junit.internal.runners.statements.InvokeMethod.evaluate(InvokeMethod.java:17)
	at org.junit.runners.ParentRunner.runLeaf(ParentRunner.java:325)
	at org.junit.runners.BlockJUnit4ClassRunner.runChild(BlockJUnit4ClassRunner.java:78)
	at org.junit.runners.BlockJUnit4ClassRunner.runChild(BlockJUnit4ClassRunner.java:57)
	at org.junit.runners.ParentRunner$3.run(ParentRunner.java:290)
	at org.junit.runners.ParentRunner$1.schedule(ParentRunner.java:71)
	at org.junit.runners.ParentRunner.runChildren(ParentRunner.java:288)
	at org.junit.runners.ParentRunner.access$000(ParentRunner.java:58)
	at org.junit.runners.ParentRunner$2.evaluate(ParentRunner.java:268)
	at org.junit.runners.ParentRunner.run(ParentRunner.java:363)
	at org.apache.maven.surefire.junit4.JUnit4TestSet.execute(JUnit4TestSet.java:104)
	at org.apache.maven.surefire.junit4.JUnit4Provider.executeTestSet(JUnit4Provider.java:147)
	at org.apache.maven.surefire.junit4.JUnit4Provider.invoke(JUnit4Provider.java:98)
	at sun.reflect.NativeMethodAccessorImpl.invoke0(Native Method)
	at sun.reflect.NativeMethodAccessorImpl.invoke(NativeMethodAccessorImpl.java:62)
	at sun.reflect.DelegatingMethodAccessorImpl.invoke(DelegatingMethodAccessorImpl.java:43)
	at java.lang.reflect.Method.invoke(Method.java:498)
	at org.apache.maven.surefire.booter.ProviderFactory$ClassLoaderProxy.invoke(ProviderFactory.java:101)
	at com.sun.proxy.$Proxy0.invoke(Unknown Source)
	at org.apache.maven.surefire.booter.SurefireStarter.invokeProvider(SurefireStarter.java:139)
	at org.apache.maven.surefire.booter.SurefireStarter.runSuitesInProcess(SurefireStarter.java:82)
	at org.apache.maven.surefire.booter.ForkedBooter.main(ForkedBooter.java:81)
</error>
    <system-out>@HL
@HL-------------------------------------------------------
@HL T E S T S
@HL-------------------------------------------------------
@SLRunning ru.skorikov.ParallerSearchTest
</system-out>
  </testcase>
</testsuite>